16:59:21,372 (main) DEBUG [DataNucleus.General] - Using PluginRegistry org.datanucleus.plugin.NonManagedPluginRegistry
16:59:21,388 (main) DEBUG [DataNucleus.General] - Registering bundle org.sonatype.inject version 2.3.0 at URL file:/C:/Users/DGP/.m2/repository/org/sonatype/sisu/sisu-inject-bean/2.3.0/sisu-inject-bean-2.3.0.jar.
16:59:21,419 (main) DEBUG [DataNucleus.General] - Loading extension points from plug-in file jar:file:/C:/Users/DGP/.m2/repository/org/sonatype/sisu/sisu-inject-bean/2.3.0/sisu-inject-bean-2.3.0.jar!/plugin.xml.
16:59:21,419 (main) DEBUG [DataNucleus.General] - Loading extensions from plug-in file jar:file:/C:/Users/DGP/.m2/repository/org/sonatype/sisu/sisu-inject-bean/2.3.0/sisu-inject-bean-2.3.0.jar!/plugin.xml.
16:59:21,419 (main) DEBUG [DataNucleus.General] - Registering bundle org.datanucleus version 5.1.7 at URL file:/C:/Users/DGP/.m2/repository/org/datanucleus/datanucleus-core/5.1.7/datanucleus-core-5.1.7.jar.
16:59:21,419 (main) DEBUG [DataNucleus.General] - Loading extension points from plug-in file jar:file:/C:/Users/DGP/.m2/repository/org/datanucleus/datanucleus-core/5.1.7/datanucleus-core-5.1.7.jar!/plugin.xml.
16:59:21,450 (main) DEBUG [DataNucleus.General] - Loading extensions from plug-in file jar:file:/C:/Users/DGP/.m2/repository/org/datanucleus/datanucleus-core/5.1.7/datanucleus-core-5.1.7.jar!/plugin.xml.
16:59:21,450 (main) DEBUG [DataNucleus.General] - Registering bundle org.datanucleus.api.jdo version 5.1.4 at URL file:/C:/Users/DGP/.m2/repository/org/datanucleus/datanucleus-api-jdo/5.1.4/datanucleus-api-jdo-5.1.4.jar.
16:59:21,450 (main) DEBUG [DataNucleus.General] - Loading extension points from plug-in file jar:file:/C:/Users/DGP/.m2/repository/org/datanucleus/datanucleus-api-jdo/5.1.4/datanucleus-api-jdo-5.1.4.jar!/plugin.xml.
16:59:21,466 (main) DEBUG [DataNucleus.General] - Loading extensions from plug-in file jar:file:/C:/Users/DGP/.m2/repository/org/datanucleus/datanucleus-api-jdo/5.1.4/datanucleus-api-jdo-5.1.4.jar!/plugin.xml.
16:59:21,466 (main) DEBUG [DataNucleus.General] - Registering bundle org.datanucleus.store.rdbms version 5.1.7 at URL file:/C:/Users/DGP/.m2/repository/org/datanucleus/datanucleus-rdbms/5.1.7/datanucleus-rdbms-5.1.7.jar.
16:59:21,466 (main) DEBUG [DataNucleus.General] - Loading extension points from plug-in file jar:file:/C:/Users/DGP/.m2/repository/org/datanucleus/datanucleus-rdbms/5.1.7/datanucleus-rdbms-5.1.7.jar!/plugin.xml.
16:59:21,466 (main) DEBUG [DataNucleus.General] - Loading extensions from plug-in file jar:file:/C:/Users/DGP/.m2/repository/org/datanucleus/datanucleus-rdbms/5.1.7/datanucleus-rdbms-5.1.7.jar!/plugin.xml.
16:59:21,513 (main) DEBUG [DataNucleus.Persistence] - Tipos de Java inicializando ...
16:59:21,560 (main) DEBUG [DataNucleus.Persistence] - Soporte para tipos de Java listo : tipos soportados = [B, [C, [D, [F, [I, [J, [Ljava.lang.Boolean;, [Ljava.lang.Byte;, [Ljava.lang.Character;, [Ljava.lang.Double;, [Ljava.lang.Enum;, [Ljava.lang.Float;, [Ljava.lang.Integer;, [Ljava.lang.Long;, [Ljava.lang.Number;, [Ljava.lang.Object;, [Ljava.lang.Short;, [Ljava.lang.String;, [Ljava.math.BigDecimal;, [Ljava.math.BigInteger;, [Ljava.util.Date;, [Ljava.util.Locale;, [S, [Z, boolean, byte, char, double, float, int, java.awt.Color, java.awt.image.BufferedImage, java.lang.Boolean, java.lang.Byte, java.lang.Character, java.lang.Class, java.lang.Double, java.lang.Enum, java.lang.Float, java.lang.Integer, java.lang.Long, java.lang.Number, java.lang.Short, java.lang.String, java.lang.StringBuffer, java.lang.StringBuilder, java.math.BigDecimal, java.math.BigInteger, java.net.URI, java.net.URL, java.sql.Date, java.sql.Time, java.sql.Timestamp, java.time.Duration, java.time.Instant, java.time.LocalDate, java.time.LocalDateTime, java.time.LocalTime, java.time.MonthDay, java.time.OffsetDateTime, java.time.OffsetTime, java.time.Period, java.time.Year, java.time.YearMonth, java.time.ZonedDateTime, java.time.ZoneId, java.time.ZoneOffset, java.util.ArrayList, java.util.Arrays$ArrayList, java.util.BitSet, java.util.Calendar, java.util.Collection, java.util.Currency, java.util.Date, java.util.GregorianCalendar, java.util.HashMap, java.util.HashSet, java.util.Hashtable, java.util.LinkedHashMap, java.util.LinkedHashSet, java.util.LinkedList, java.util.List, java.util.Locale, java.util.Map, java.util.Optional, java.util.PriorityQueue, java.util.Properties, java.util.Queue, java.util.Set, java.util.SortedMap, java.util.SortedSet, java.util.Stack, java.util.TimeZone, java.util.TreeMap, java.util.TreeSet, java.util.UUID, java.util.Vector, long, short
16:59:21,560 (main) DEBUG [DataNucleus.MetaData] - MetaDataManager : Input=(XML,Annotations), XML-Validation=false, XML-Suffices=(persistence=*.jdo, orm=orm, query=*.jdoquery), JDO-listener=false
16:59:21,560 (main) INFO  [DataNucleus.Enhancer] - DataNucleus Enhancer (versión 5.1.7) para el API "JDO" utilisando el JRE "{2}"
16:59:21,560 (main) DEBUG [DataNucleus.Enhancer] - DataNucleus Enhancer : Classpath
16:59:21,560 (main) DEBUG [DataNucleus.Enhancer] - >>  C:\Users\DGP\.m2\repository\org\datanucleus\datanucleus-maven-plugin\5.0.2\datanucleus-maven-plugin-5.0.2.jar
16:59:21,560 (main) DEBUG [DataNucleus.Enhancer] - >>  C:\Users\DGP\.m2\repository\org\codehaus\plexus\plexus-utils\3.0.8\plexus-utils-3.0.8.jar
16:59:21,560 (main) DEBUG [DataNucleus.Enhancer] - >>  C:\Users\DGP\.m2\repository\org\apache\maven\maven-artifact\3.0.4\maven-artifact-3.0.4.jar
16:59:21,560 (main) DEBUG [DataNucleus.Enhancer] - >>  C:\Users\DGP\.m2\repository\org\apache\maven\maven-plugin-api\3.0.4\maven-plugin-api-3.0.4.jar
16:59:21,560 (main) DEBUG [DataNucleus.Enhancer] - >>  C:\Users\DGP\.m2\repository\org\apache\maven\maven-model\3.0.4\maven-model-3.0.4.jar
16:59:21,560 (main) DEBUG [DataNucleus.Enhancer] - >>  C:\Users\DGP\.m2\repository\org\sonatype\sisu\sisu-inject-plexus\2.3.0\sisu-inject-plexus-2.3.0.jar
16:59:21,560 (main) DEBUG [DataNucleus.Enhancer] - >>  C:\Users\DGP\.m2\repository\org\codehaus\plexus\plexus-component-annotations\1.5.5\plexus-component-annotations-1.5.5.jar
16:59:21,560 (main) DEBUG [DataNucleus.Enhancer] - >>  C:\Users\DGP\.m2\repository\org\sonatype\sisu\sisu-inject-bean\2.3.0\sisu-inject-bean-2.3.0.jar
16:59:21,560 (main) DEBUG [DataNucleus.Enhancer] - >>  C:\Users\DGP\.m2\repository\org\sonatype\sisu\sisu-guice\3.1.0\sisu-guice-3.1.0-no_aop.jar
16:59:21,560 (main) DEBUG [DataNucleus.Enhancer] - >>  C:\Users\DGP\.m2\repository\org\sonatype\sisu\sisu-guava\0.9.9\sisu-guava-0.9.9.jar
16:59:21,560 (main) DEBUG [DataNucleus.Enhancer] - >>  C:\Users\DGP\.m2\repository\org\codehaus\plexus\plexus-container-default\1.5.5\plexus-container-default-1.5.5.jar
16:59:21,560 (main) DEBUG [DataNucleus.Enhancer] - >>  C:\Users\DGP\.m2\repository\org\codehaus\plexus\plexus-classworlds\2.2.2\plexus-classworlds-2.2.2.jar
16:59:21,560 (main) DEBUG [DataNucleus.Enhancer] - >>  C:\Users\DGP\.m2\repository\org\apache\xbean\xbean-reflect\3.4\xbean-reflect-3.4.jar
16:59:21,560 (main) DEBUG [DataNucleus.Enhancer] - >>  C:\Users\DGP\.m2\repository\log4j\log4j\1.2.12\log4j-1.2.12.jar
16:59:21,560 (main) DEBUG [DataNucleus.Enhancer] - >>  C:\Users\DGP\.m2\repository\commons-logging\commons-logging-api\1.1\commons-logging-api-1.1.jar
16:59:21,560 (main) DEBUG [DataNucleus.Enhancer] - >>  C:\Users\DGP\.m2\repository\com\google\collections\google-collections\1.0\google-collections-1.0.jar
16:59:21,560 (main) DEBUG [DataNucleus.Enhancer] - >>  C:\Users\DGP\.m2\repository\junit\junit\3.8.2\junit-3.8.2.jar
16:59:21,560 (main) DEBUG [DataNucleus.Enhancer] - >>  C:\SoftLabs\SPQ_GitHub\WorkspaceGitHub\BSPQ18-S3\target\classes
16:59:21,560 (main) DEBUG [DataNucleus.Enhancer] - >>  C:\Users\DGP\.m2\repository\org\datanucleus\datanucleus-core\5.1.7\datanucleus-core-5.1.7.jar
16:59:21,560 (main) DEBUG [DataNucleus.Enhancer] - >>  C:\Users\DGP\.m2\repository\org\datanucleus\datanucleus-api-jdo\5.1.4\datanucleus-api-jdo-5.1.4.jar
16:59:21,560 (main) DEBUG [DataNucleus.Enhancer] - >>  C:\Users\DGP\.m2\repository\org\datanucleus\datanucleus-rdbms\5.1.7\datanucleus-rdbms-5.1.7.jar
16:59:21,560 (main) DEBUG [DataNucleus.Enhancer] - >>  C:\Users\DGP\.m2\repository\org\datanucleus\javax.jdo\3.2.0-m8\javax.jdo-3.2.0-m8.jar
16:59:21,560 (main) DEBUG [DataNucleus.Enhancer] - >>  C:\Users\DGP\.m2\repository\javax\transaction\transaction-api\1.1\transaction-api-1.1.jar
16:59:21,560 (main) DEBUG [DataNucleus.Enhancer] - >>  C:\Users\DGP\.m2\repository\mysql\mysql-connector-java\5.1.45\mysql-connector-java-5.1.45.jar
16:59:21,560 (main) DEBUG [DataNucleus.Enhancer] - >>  C:\Users\DGP\.m2\repository\log4j\log4j\1.2.17\log4j-1.2.17.jar
16:59:21,560 (main) DEBUG [DataNucleus.Enhancer] - >>  C:\Users\DGP\.m2\repository\com\toedter\jcalendar\1.4\jcalendar-1.4.jar
16:59:21,560 (main) DEBUG [DataNucleus.Enhancer] - >>  C:\Users\DGP\.m2\repository\org\java\net\substance\substance\6.0\substance-6.0.jar
16:59:21,560 (main) DEBUG [DataNucleus.Enhancer] - >>  C:\Users\DGP\.m2\repository\org\pushing-pixels\trident\1.2\trident-1.2.jar
16:59:21,560 (main) DEBUG [DataNucleus.Enhancer] - >>  C:\Users\DGP\.m2\repository\org\eclipse\swt\win32\win32\x86\3.3.0-v3346\x86-3.3.0-v3346.jar
16:59:21,560 (main) DEBUG [DataNucleus.Enhancer] - >>  C:\Users\DGP\.m2\repository\com\google\android\android\2.1_r1\android-2.1_r1.jar
16:59:21,560 (main) DEBUG [DataNucleus.Enhancer] - >>  C:\Users\DGP\.m2\repository\commons-logging\commons-logging\1.1.1\commons-logging-1.1.1.jar
16:59:21,560 (main) DEBUG [DataNucleus.Enhancer] - >>  C:\Users\DGP\.m2\repository\org\apache\httpcomponents\httpclient\4.0.1\httpclient-4.0.1.jar
16:59:21,560 (main) DEBUG [DataNucleus.Enhancer] - >>  C:\Users\DGP\.m2\repository\org\apache\httpcomponents\httpcore\4.0.1\httpcore-4.0.1.jar
16:59:21,560 (main) DEBUG [DataNucleus.Enhancer] - >>  C:\Users\DGP\.m2\repository\commons-codec\commons-codec\1.3\commons-codec-1.3.jar
16:59:21,560 (main) DEBUG [DataNucleus.Enhancer] - >>  C:\Users\DGP\.m2\repository\org\khronos\opengl-api\gl1.1-android-2.1_r1\opengl-api-gl1.1-android-2.1_r1.jar
16:59:21,560 (main) DEBUG [DataNucleus.Enhancer] - >>  C:\Users\DGP\.m2\repository\xerces\xmlParserAPIs\2.6.2\xmlParserAPIs-2.6.2.jar
16:59:21,560 (main) DEBUG [DataNucleus.Enhancer] - >>  C:\Users\DGP\.m2\repository\xpp3\xpp3\1.1.4c\xpp3-1.1.4c.jar
16:59:21,560 (main) DEBUG [DataNucleus.Enhancer] - >>  C:\Users\DGP\.m2\repository\net\java\dev\laf-widget\laf-widget\5.0\laf-widget-5.0.jar
16:59:21,560 (main) DEBUG [DataNucleus.Enhancer] - >>  C:\Users\DGP\.m2\repository\ant\ant\1.6.5\ant-1.6.5.jar
16:59:21,560 (main) DEBUG [DataNucleus.Enhancer] - >>  C:\Users\DGP\.m2\repository\asm\asm-all\2.2.3\asm-all-2.2.3.jar
16:59:21,560 (main) DEBUG [DataNucleus.Enhancer] - >>  C:\Users\DGP\.m2\repository\net\java\dev\laf-plugin\laf-plugin\1.1\laf-plugin-1.1.jar
16:59:21,560 (main) DEBUG [DataNucleus.Enhancer] - >>  C:\Users\DGP\.m2\repository\be\cyberelf\nanoxml\lite\2.2.3\lite-2.2.3.jar
16:59:21,560 (main) DEBUG [DataNucleus.Enhancer] - Reading fileListFile: C:\Users\DGP\AppData\Local\Temp\enhancer-1687813531206907211.flf
16:59:21,560 (main) DEBUG [DataNucleus.Enhancer] - Enhancing classes
16:59:21,575 (main) DEBUG [DataNucleus.MetaData] - MetaData Management : Carga de Metadata de las clases "[videoclub.datos.Alquiler, videoclub.datos.Categoria, videoclub.datos.Cliente, videoclub.datos.Direccion, videoclub.datos.Inventario, videoclub.datos.Pelicula, videoclub.paneles.PanelAdministrador$1, videoclub.paneles.PanelAdministrador$2, videoclub.paneles.PanelAdministrador$3, videoclub.paneles.PanelAdministrador$4, videoclub.paneles.PanelAdministrador$5, videoclub.paneles.PanelAdministrador$6, videoclub.paneles.PanelAdministrador$7, videoclub.paneles.PanelAdministrador, videoclub.paneles.PanelIniciarSesion$1, videoclub.paneles.PanelIniciarSesion$2, videoclub.paneles.PanelIniciarSesion, videoclub.paneles.PanelRegistro$1, videoclub.paneles.PanelRegistro, videoclub.paneles.PanelUsuario$1, videoclub.paneles.PanelUsuario$2, videoclub.paneles.PanelUsuario$3, videoclub.paneles.PanelUsuario$4, videoclub.paneles.PanelUsuario$BotonPelicula, videoclub.paneles.PanelUsuario, videoclub.ventanas.VentanaPrincipal$1, videoclub.ventanas.VentanaPrincipal$2, videoclub.ventanas.VentanaPrincipal$3, videoclub.ventanas.VentanaPrincipal]" ...
16:59:21,575 (main) DEBUG [DataNucleus.MetaData] - No encontramos el MetaData del tipo "jdo" por la clase "videoclub.datos.Alquiler" en /META-INF/package.jdo
16:59:21,575 (main) DEBUG [DataNucleus.MetaData] - No encontramos el MetaData del tipo "jdo" por la clase "videoclub.datos.Alquiler" en /WEB-INF/package.jdo
16:59:21,575 (main) DEBUG [DataNucleus.MetaData] - No encontramos el MetaData del tipo "jdo" por la clase "videoclub.datos.Alquiler" en /package.jdo
16:59:21,575 (main) DEBUG [DataNucleus.MetaData] - No encontramos el MetaData del tipo "jdo" por la clase "videoclub.datos.Alquiler" en /videoclub/package.jdo
16:59:21,575 (main) DEBUG [DataNucleus.MetaData] - No encontramos el MetaData del tipo "jdo" por la clase "videoclub.datos.Alquiler" en /videoclub.jdo
16:59:21,591 (main) DEBUG [DataNucleus.MetaData] - No encontramos el MetaData del tipo "jdo" por la clase "videoclub.datos.Alquiler" en /videoclub/datos/package.jdo
16:59:21,591 (main) DEBUG [DataNucleus.MetaData] - No encontramos el MetaData del tipo "jdo" por la clase "videoclub.datos.Alquiler" en /videoclub/datos.jdo
16:59:21,591 (main) DEBUG [DataNucleus.MetaData] - No encontramos el MetaData del tipo "jdo" por la clase "videoclub.datos.Alquiler" en /videoclub/datos/Alquiler.jdo
16:59:21,591 (main) DEBUG [DataNucleus.MetaData] - No hemos encontrado el MetaData del tipo "jdo" por la clase "videoclub.datos.Alquiler"
16:59:21,591 (main) DEBUG [DataNucleus.MetaData] - Registrando la clase "videoclub.datos.Alquiler" no tener Meta-Data
16:59:21,591 (main) DEBUG [DataNucleus.MetaData] - La clase "videoclub.datos.Alquiler" no tiene MetaData o annotaciones.
16:59:21,591 (main) DEBUG [DataNucleus.MetaData] - No encontramos el MetaData del tipo "jdo" por la clase "videoclub.datos.Categoria" en /META-INF/package.jdo
16:59:21,591 (main) DEBUG [DataNucleus.MetaData] - No encontramos el MetaData del tipo "jdo" por la clase "videoclub.datos.Categoria" en /WEB-INF/package.jdo
16:59:21,591 (main) DEBUG [DataNucleus.MetaData] - No encontramos el MetaData del tipo "jdo" por la clase "videoclub.datos.Categoria" en /package.jdo
16:59:21,591 (main) DEBUG [DataNucleus.MetaData] - No encontramos el MetaData del tipo "jdo" por la clase "videoclub.datos.Categoria" en /videoclub/package.jdo
16:59:21,591 (main) DEBUG [DataNucleus.MetaData] - No encontramos el MetaData del tipo "jdo" por la clase "videoclub.datos.Categoria" en /videoclub.jdo
16:59:21,591 (main) DEBUG [DataNucleus.MetaData] - No encontramos el MetaData del tipo "jdo" por la clase "videoclub.datos.Categoria" en /videoclub/datos/package.jdo
16:59:21,591 (main) DEBUG [DataNucleus.MetaData] - No encontramos el MetaData del tipo "jdo" por la clase "videoclub.datos.Categoria" en /videoclub/datos.jdo
16:59:21,591 (main) DEBUG [DataNucleus.MetaData] - No encontramos el MetaData del tipo "jdo" por la clase "videoclub.datos.Categoria" en /videoclub/datos/Categoria.jdo
16:59:21,591 (main) DEBUG [DataNucleus.MetaData] - No hemos encontrado el MetaData del tipo "jdo" por la clase "videoclub.datos.Categoria"
16:59:21,591 (main) DEBUG [DataNucleus.MetaData] - Registrando la clase "videoclub.datos.Categoria" no tener Meta-Data
16:59:21,591 (main) DEBUG [DataNucleus.MetaData] - La clase "videoclub.datos.Categoria" no tiene MetaData o annotaciones.
16:59:21,591 (main) DEBUG [DataNucleus.MetaData] - No encontramos el MetaData del tipo "jdo" por la clase "videoclub.datos.Cliente" en /META-INF/package.jdo
16:59:21,591 (main) DEBUG [DataNucleus.MetaData] - No encontramos el MetaData del tipo "jdo" por la clase "videoclub.datos.Cliente" en /WEB-INF/package.jdo
16:59:21,591 (main) DEBUG [DataNucleus.MetaData] - No encontramos el MetaData del tipo "jdo" por la clase "videoclub.datos.Cliente" en /package.jdo
16:59:21,591 (main) DEBUG [DataNucleus.MetaData] - No encontramos el MetaData del tipo "jdo" por la clase "videoclub.datos.Cliente" en /videoclub/package.jdo
16:59:21,591 (main) DEBUG [DataNucleus.MetaData] - No encontramos el MetaData del tipo "jdo" por la clase "videoclub.datos.Cliente" en /videoclub.jdo
16:59:21,591 (main) DEBUG [DataNucleus.MetaData] - No encontramos el MetaData del tipo "jdo" por la clase "videoclub.datos.Cliente" en /videoclub/datos/package.jdo
16:59:21,591 (main) DEBUG [DataNucleus.MetaData] - No encontramos el MetaData del tipo "jdo" por la clase "videoclub.datos.Cliente" en /videoclub/datos.jdo
16:59:21,591 (main) DEBUG [DataNucleus.MetaData] - No encontramos el MetaData del tipo "jdo" por la clase "videoclub.datos.Cliente" en /videoclub/datos/Cliente.jdo
16:59:21,591 (main) DEBUG [DataNucleus.MetaData] - No hemos encontrado el MetaData del tipo "jdo" por la clase "videoclub.datos.Cliente"
16:59:21,591 (main) DEBUG [DataNucleus.MetaData] - Registrando la clase "videoclub.datos.Cliente" no tener Meta-Data
16:59:21,591 (main) DEBUG [DataNucleus.MetaData] - La clase "videoclub.datos.Cliente" no tiene MetaData o annotaciones.
16:59:21,591 (main) DEBUG [DataNucleus.MetaData] - No encontramos el MetaData del tipo "jdo" por la clase "videoclub.datos.Direccion" en /META-INF/package.jdo
16:59:21,591 (main) DEBUG [DataNucleus.MetaData] - No encontramos el MetaData del tipo "jdo" por la clase "videoclub.datos.Direccion" en /WEB-INF/package.jdo
16:59:21,591 (main) DEBUG [DataNucleus.MetaData] - No encontramos el MetaData del tipo "jdo" por la clase "videoclub.datos.Direccion" en /package.jdo
16:59:21,591 (main) DEBUG [DataNucleus.MetaData] - No encontramos el MetaData del tipo "jdo" por la clase "videoclub.datos.Direccion" en /videoclub/package.jdo
16:59:21,591 (main) DEBUG [DataNucleus.MetaData] - No encontramos el MetaData del tipo "jdo" por la clase "videoclub.datos.Direccion" en /videoclub.jdo
16:59:21,591 (main) DEBUG [DataNucleus.MetaData] - No encontramos el MetaData del tipo "jdo" por la clase "videoclub.datos.Direccion" en /videoclub/datos/package.jdo
16:59:21,591 (main) DEBUG [DataNucleus.MetaData] - No encontramos el MetaData del tipo "jdo" por la clase "videoclub.datos.Direccion" en /videoclub/datos.jdo
16:59:21,591 (main) DEBUG [DataNucleus.MetaData] - No encontramos el MetaData del tipo "jdo" por la clase "videoclub.datos.Direccion" en /videoclub/datos/Direccion.jdo
16:59:21,591 (main) DEBUG [DataNucleus.MetaData] - No hemos encontrado el MetaData del tipo "jdo" por la clase "videoclub.datos.Direccion"
16:59:21,591 (main) DEBUG [DataNucleus.MetaData] - Registrando la clase "videoclub.datos.Direccion" no tener Meta-Data
16:59:21,591 (main) DEBUG [DataNucleus.MetaData] - La clase "videoclub.datos.Direccion" no tiene MetaData o annotaciones.
16:59:21,591 (main) DEBUG [DataNucleus.MetaData] - No encontramos el MetaData del tipo "jdo" por la clase "videoclub.datos.Inventario" en /META-INF/package.jdo
16:59:21,591 (main) DEBUG [DataNucleus.MetaData] - No encontramos el MetaData del tipo "jdo" por la clase "videoclub.datos.Inventario" en /WEB-INF/package.jdo
16:59:21,591 (main) DEBUG [DataNucleus.MetaData] - No encontramos el MetaData del tipo "jdo" por la clase "videoclub.datos.Inventario" en /package.jdo
16:59:21,591 (main) DEBUG [DataNucleus.MetaData] - No encontramos el MetaData del tipo "jdo" por la clase "videoclub.datos.Inventario" en /videoclub/package.jdo
16:59:21,591 (main) DEBUG [DataNucleus.MetaData] - No encontramos el MetaData del tipo "jdo" por la clase "videoclub.datos.Inventario" en /videoclub.jdo
16:59:21,591 (main) DEBUG [DataNucleus.MetaData] - No encontramos el MetaData del tipo "jdo" por la clase "videoclub.datos.Inventario" en /videoclub/datos/package.jdo
16:59:21,591 (main) DEBUG [DataNucleus.MetaData] - No encontramos el MetaData del tipo "jdo" por la clase "videoclub.datos.Inventario" en /videoclub/datos.jdo
16:59:21,591 (main) DEBUG [DataNucleus.MetaData] - No encontramos el MetaData del tipo "jdo" por la clase "videoclub.datos.Inventario" en /videoclub/datos/Inventario.jdo
16:59:21,591 (main) DEBUG [DataNucleus.MetaData] - No hemos encontrado el MetaData del tipo "jdo" por la clase "videoclub.datos.Inventario"
16:59:21,591 (main) DEBUG [DataNucleus.MetaData] - Registrando la clase "videoclub.datos.Inventario" no tener Meta-Data
16:59:21,591 (main) DEBUG [DataNucleus.MetaData] - La clase "videoclub.datos.Inventario" no tiene MetaData o annotaciones.
16:59:21,591 (main) DEBUG [DataNucleus.MetaData] - No encontramos el MetaData del tipo "jdo" por la clase "videoclub.datos.Pelicula" en /META-INF/package.jdo
16:59:21,591 (main) DEBUG [DataNucleus.MetaData] - No encontramos el MetaData del tipo "jdo" por la clase "videoclub.datos.Pelicula" en /WEB-INF/package.jdo
16:59:21,591 (main) DEBUG [DataNucleus.MetaData] - No encontramos el MetaData del tipo "jdo" por la clase "videoclub.datos.Pelicula" en /package.jdo
16:59:21,591 (main) DEBUG [DataNucleus.MetaData] - No encontramos el MetaData del tipo "jdo" por la clase "videoclub.datos.Pelicula" en /videoclub/package.jdo
16:59:21,591 (main) DEBUG [DataNucleus.MetaData] - No encontramos el MetaData del tipo "jdo" por la clase "videoclub.datos.Pelicula" en /videoclub.jdo
16:59:21,591 (main) DEBUG [DataNucleus.MetaData] - No encontramos el MetaData del tipo "jdo" por la clase "videoclub.datos.Pelicula" en /videoclub/datos/package.jdo
16:59:21,591 (main) DEBUG [DataNucleus.MetaData] - No encontramos el MetaData del tipo "jdo" por la clase "videoclub.datos.Pelicula" en /videoclub/datos.jdo
16:59:21,591 (main) DEBUG [DataNucleus.MetaData] - No encontramos el MetaData del tipo "jdo" por la clase "videoclub.datos.Pelicula" en /videoclub/datos/Pelicula.jdo
16:59:21,591 (main) DEBUG [DataNucleus.MetaData] - No hemos encontrado el MetaData del tipo "jdo" por la clase "videoclub.datos.Pelicula"
16:59:21,591 (main) DEBUG [DataNucleus.MetaData] - Registrando la clase "videoclub.datos.Pelicula" no tener Meta-Data
16:59:21,591 (main) DEBUG [DataNucleus.MetaData] - La clase "videoclub.datos.Pelicula" no tiene MetaData o annotaciones.
16:59:21,591 (main) DEBUG [DataNucleus.MetaData] - No encontramos el MetaData del tipo "jdo" por la clase "videoclub.paneles.PanelAdministrador$1" en /META-INF/package.jdo
16:59:21,591 (main) DEBUG [DataNucleus.MetaData] - No encontramos el MetaData del tipo "jdo" por la clase "videoclub.paneles.PanelAdministrador$1" en /WEB-INF/package.jdo
16:59:21,591 (main) DEBUG [DataNucleus.MetaData] - No encontramos el MetaData del tipo "jdo" por la clase "videoclub.paneles.PanelAdministrador$1" en /package.jdo
16:59:21,591 (main) DEBUG [DataNucleus.MetaData] - No encontramos el MetaData del tipo "jdo" por la clase "videoclub.paneles.PanelAdministrador$1" en /videoclub/package.jdo
16:59:21,606 (main) DEBUG [DataNucleus.MetaData] - No encontramos el MetaData del tipo "jdo" por la clase "videoclub.paneles.PanelAdministrador$1" en /videoclub.jdo
16:59:21,606 (main) DEBUG [DataNucleus.MetaData] - No encontramos el MetaData del tipo "jdo" por la clase "videoclub.paneles.PanelAdministrador$1" en /videoclub/paneles/package.jdo
16:59:21,606 (main) DEBUG [DataNucleus.MetaData] - No encontramos el MetaData del tipo "jdo" por la clase "videoclub.paneles.PanelAdministrador$1" en /videoclub/paneles.jdo
16:59:21,606 (main) DEBUG [DataNucleus.MetaData] - No encontramos el MetaData del tipo "jdo" por la clase "videoclub.paneles.PanelAdministrador$1" en /videoclub/paneles/PanelAdministrador$1.jdo
16:59:21,606 (main) DEBUG [DataNucleus.MetaData] - No hemos encontrado el MetaData del tipo "jdo" por la clase "videoclub.paneles.PanelAdministrador$1"
16:59:21,606 (main) DEBUG [DataNucleus.MetaData] - Registrando la clase "videoclub.paneles.PanelAdministrador$1" no tener Meta-Data
16:59:21,606 (main) DEBUG [DataNucleus.MetaData] - La clase "videoclub.paneles.PanelAdministrador$1" no tiene MetaData o annotaciones.
16:59:21,606 (main) DEBUG [DataNucleus.MetaData] - No encontramos el MetaData del tipo "jdo" por la clase "videoclub.paneles.PanelAdministrador$2" en /META-INF/package.jdo
16:59:21,606 (main) DEBUG [DataNucleus.MetaData] - No encontramos el MetaData del tipo "jdo" por la clase "videoclub.paneles.PanelAdministrador$2" en /WEB-INF/package.jdo
16:59:21,606 (main) DEBUG [DataNucleus.MetaData] - No encontramos el MetaData del tipo "jdo" por la clase "videoclub.paneles.PanelAdministrador$2" en /package.jdo
16:59:21,606 (main) DEBUG [DataNucleus.MetaData] - No encontramos el MetaData del tipo "jdo" por la clase "videoclub.paneles.PanelAdministrador$2" en /videoclub/package.jdo
16:59:21,606 (main) DEBUG [DataNucleus.MetaData] - No encontramos el MetaData del tipo "jdo" por la clase "videoclub.paneles.PanelAdministrador$2" en /videoclub.jdo
16:59:21,606 (main) DEBUG [DataNucleus.MetaData] - No encontramos el MetaData del tipo "jdo" por la clase "videoclub.paneles.PanelAdministrador$2" en /videoclub/paneles/package.jdo
16:59:21,606 (main) DEBUG [DataNucleus.MetaData] - No encontramos el MetaData del tipo "jdo" por la clase "videoclub.paneles.PanelAdministrador$2" en /videoclub/paneles.jdo
16:59:21,606 (main) DEBUG [DataNucleus.MetaData] - No encontramos el MetaData del tipo "jdo" por la clase "videoclub.paneles.PanelAdministrador$2" en /videoclub/paneles/PanelAdministrador$2.jdo
16:59:21,606 (main) DEBUG [DataNucleus.MetaData] - No hemos encontrado el MetaData del tipo "jdo" por la clase "videoclub.paneles.PanelAdministrador$2"
16:59:21,606 (main) DEBUG [DataNucleus.MetaData] - Registrando la clase "videoclub.paneles.PanelAdministrador$2" no tener Meta-Data
16:59:21,606 (main) DEBUG [DataNucleus.MetaData] - La clase "videoclub.paneles.PanelAdministrador$2" no tiene MetaData o annotaciones.
16:59:21,606 (main) DEBUG [DataNucleus.MetaData] - No encontramos el MetaData del tipo "jdo" por la clase "videoclub.paneles.PanelAdministrador$3" en /META-INF/package.jdo
16:59:21,606 (main) DEBUG [DataNucleus.MetaData] - No encontramos el MetaData del tipo "jdo" por la clase "videoclub.paneles.PanelAdministrador$3" en /WEB-INF/package.jdo
16:59:21,606 (main) DEBUG [DataNucleus.MetaData] - No encontramos el MetaData del tipo "jdo" por la clase "videoclub.paneles.PanelAdministrador$3" en /package.jdo
16:59:21,606 (main) DEBUG [DataNucleus.MetaData] - No encontramos el MetaData del tipo "jdo" por la clase "videoclub.paneles.PanelAdministrador$3" en /videoclub/package.jdo
16:59:21,606 (main) DEBUG [DataNucleus.MetaData] - No encontramos el MetaData del tipo "jdo" por la clase "videoclub.paneles.PanelAdministrador$3" en /videoclub.jdo
16:59:21,606 (main) DEBUG [DataNucleus.MetaData] - No encontramos el MetaData del tipo "jdo" por la clase "videoclub.paneles.PanelAdministrador$3" en /videoclub/paneles/package.jdo
16:59:21,606 (main) DEBUG [DataNucleus.MetaData] - No encontramos el MetaData del tipo "jdo" por la clase "videoclub.paneles.PanelAdministrador$3" en /videoclub/paneles.jdo
16:59:21,606 (main) DEBUG [DataNucleus.MetaData] - No encontramos el MetaData del tipo "jdo" por la clase "videoclub.paneles.PanelAdministrador$3" en /videoclub/paneles/PanelAdministrador$3.jdo
16:59:21,606 (main) DEBUG [DataNucleus.MetaData] - No hemos encontrado el MetaData del tipo "jdo" por la clase "videoclub.paneles.PanelAdministrador$3"
16:59:21,606 (main) DEBUG [DataNucleus.MetaData] - Registrando la clase "videoclub.paneles.PanelAdministrador$3" no tener Meta-Data
16:59:21,606 (main) DEBUG [DataNucleus.MetaData] - La clase "videoclub.paneles.PanelAdministrador$3" no tiene MetaData o annotaciones.
16:59:21,606 (main) DEBUG [DataNucleus.MetaData] - No encontramos el MetaData del tipo "jdo" por la clase "videoclub.paneles.PanelAdministrador$4" en /META-INF/package.jdo
16:59:21,606 (main) DEBUG [DataNucleus.MetaData] - No encontramos el MetaData del tipo "jdo" por la clase "videoclub.paneles.PanelAdministrador$4" en /WEB-INF/package.jdo
16:59:21,606 (main) DEBUG [DataNucleus.MetaData] - No encontramos el MetaData del tipo "jdo" por la clase "videoclub.paneles.PanelAdministrador$4" en /package.jdo
16:59:21,606 (main) DEBUG [DataNucleus.MetaData] - No encontramos el MetaData del tipo "jdo" por la clase "videoclub.paneles.PanelAdministrador$4" en /videoclub/package.jdo
16:59:21,606 (main) DEBUG [DataNucleus.MetaData] - No encontramos el MetaData del tipo "jdo" por la clase "videoclub.paneles.PanelAdministrador$4" en /videoclub.jdo
16:59:21,606 (main) DEBUG [DataNucleus.MetaData] - No encontramos el MetaData del tipo "jdo" por la clase "videoclub.paneles.PanelAdministrador$4" en /videoclub/paneles/package.jdo
16:59:21,606 (main) DEBUG [DataNucleus.MetaData] - No encontramos el MetaData del tipo "jdo" por la clase "videoclub.paneles.PanelAdministrador$4" en /videoclub/paneles.jdo
16:59:21,606 (main) DEBUG [DataNucleus.MetaData] - No encontramos el MetaData del tipo "jdo" por la clase "videoclub.paneles.PanelAdministrador$4" en /videoclub/paneles/PanelAdministrador$4.jdo
16:59:21,606 (main) DEBUG [DataNucleus.MetaData] - No hemos encontrado el MetaData del tipo "jdo" por la clase "videoclub.paneles.PanelAdministrador$4"
16:59:21,606 (main) DEBUG [DataNucleus.MetaData] - Registrando la clase "videoclub.paneles.PanelAdministrador$4" no tener Meta-Data
16:59:21,606 (main) DEBUG [DataNucleus.MetaData] - La clase "videoclub.paneles.PanelAdministrador$4" no tiene MetaData o annotaciones.
16:59:21,606 (main) DEBUG [DataNucleus.MetaData] - No encontramos el MetaData del tipo "jdo" por la clase "videoclub.paneles.PanelAdministrador$5" en /META-INF/package.jdo
16:59:21,606 (main) DEBUG [DataNucleus.MetaData] - No encontramos el MetaData del tipo "jdo" por la clase "videoclub.paneles.PanelAdministrador$5" en /WEB-INF/package.jdo
16:59:21,606 (main) DEBUG [DataNucleus.MetaData] - No encontramos el MetaData del tipo "jdo" por la clase "videoclub.paneles.PanelAdministrador$5" en /package.jdo
16:59:21,606 (main) DEBUG [DataNucleus.MetaData] - No encontramos el MetaData del tipo "jdo" por la clase "videoclub.paneles.PanelAdministrador$5" en /videoclub/package.jdo
16:59:21,606 (main) DEBUG [DataNucleus.MetaData] - No encontramos el MetaData del tipo "jdo" por la clase "videoclub.paneles.PanelAdministrador$5" en /videoclub.jdo
16:59:21,606 (main) DEBUG [DataNucleus.MetaData] - No encontramos el MetaData del tipo "jdo" por la clase "videoclub.paneles.PanelAdministrador$5" en /videoclub/paneles/package.jdo
16:59:21,606 (main) DEBUG [DataNucleus.MetaData] - No encontramos el MetaData del tipo "jdo" por la clase "videoclub.paneles.PanelAdministrador$5" en /videoclub/paneles.jdo
16:59:21,606 (main) DEBUG [DataNucleus.MetaData] - No encontramos el MetaData del tipo "jdo" por la clase "videoclub.paneles.PanelAdministrador$5" en /videoclub/paneles/PanelAdministrador$5.jdo
16:59:21,606 (main) DEBUG [DataNucleus.MetaData] - No hemos encontrado el MetaData del tipo "jdo" por la clase "videoclub.paneles.PanelAdministrador$5"
16:59:21,606 (main) DEBUG [DataNucleus.MetaData] - Registrando la clase "videoclub.paneles.PanelAdministrador$5" no tener Meta-Data
16:59:21,606 (main) DEBUG [DataNucleus.MetaData] - La clase "videoclub.paneles.PanelAdministrador$5" no tiene MetaData o annotaciones.
16:59:21,622 (main) DEBUG [DataNucleus.MetaData] - No encontramos el MetaData del tipo "jdo" por la clase "videoclub.paneles.PanelAdministrador$6" en /META-INF/package.jdo
16:59:21,622 (main) DEBUG [DataNucleus.MetaData] - No encontramos el MetaData del tipo "jdo" por la clase "videoclub.paneles.PanelAdministrador$6" en /WEB-INF/package.jdo
16:59:21,622 (main) DEBUG [DataNucleus.MetaData] - No encontramos el MetaData del tipo "jdo" por la clase "videoclub.paneles.PanelAdministrador$6" en /package.jdo
16:59:21,622 (main) DEBUG [DataNucleus.MetaData] - No encontramos el MetaData del tipo "jdo" por la clase "videoclub.paneles.PanelAdministrador$6" en /videoclub/package.jdo
16:59:21,622 (main) DEBUG [DataNucleus.MetaData] - No encontramos el MetaData del tipo "jdo" por la clase "videoclub.paneles.PanelAdministrador$6" en /videoclub.jdo
16:59:21,622 (main) DEBUG [DataNucleus.MetaData] - No encontramos el MetaData del tipo "jdo" por la clase "videoclub.paneles.PanelAdministrador$6" en /videoclub/paneles/package.jdo
16:59:21,622 (main) DEBUG [DataNucleus.MetaData] - No encontramos el MetaData del tipo "jdo" por la clase "videoclub.paneles.PanelAdministrador$6" en /videoclub/paneles.jdo
16:59:21,622 (main) DEBUG [DataNucleus.MetaData] - No encontramos el MetaData del tipo "jdo" por la clase "videoclub.paneles.PanelAdministrador$6" en /videoclub/paneles/PanelAdministrador$6.jdo
16:59:21,622 (main) DEBUG [DataNucleus.MetaData] - No hemos encontrado el MetaData del tipo "jdo" por la clase "videoclub.paneles.PanelAdministrador$6"
16:59:21,622 (main) DEBUG [DataNucleus.MetaData] - Registrando la clase "videoclub.paneles.PanelAdministrador$6" no tener Meta-Data
16:59:21,622 (main) DEBUG [DataNucleus.MetaData] - La clase "videoclub.paneles.PanelAdministrador$6" no tiene MetaData o annotaciones.
16:59:21,622 (main) DEBUG [DataNucleus.MetaData] - No encontramos el MetaData del tipo "jdo" por la clase "videoclub.paneles.PanelAdministrador$7" en /META-INF/package.jdo
16:59:21,622 (main) DEBUG [DataNucleus.MetaData] - No encontramos el MetaData del tipo "jdo" por la clase "videoclub.paneles.PanelAdministrador$7" en /WEB-INF/package.jdo
16:59:21,622 (main) DEBUG [DataNucleus.MetaData] - No encontramos el MetaData del tipo "jdo" por la clase "videoclub.paneles.PanelAdministrador$7" en /package.jdo
16:59:21,622 (main) DEBUG [DataNucleus.MetaData] - No encontramos el MetaData del tipo "jdo" por la clase "videoclub.paneles.PanelAdministrador$7" en /videoclub/package.jdo
16:59:21,622 (main) DEBUG [DataNucleus.MetaData] - No encontramos el MetaData del tipo "jdo" por la clase "videoclub.paneles.PanelAdministrador$7" en /videoclub.jdo
16:59:21,622 (main) DEBUG [DataNucleus.MetaData] - No encontramos el MetaData del tipo "jdo" por la clase "videoclub.paneles.PanelAdministrador$7" en /videoclub/paneles/package.jdo
16:59:21,622 (main) DEBUG [DataNucleus.MetaData] - No encontramos el MetaData del tipo "jdo" por la clase "videoclub.paneles.PanelAdministrador$7" en /videoclub/paneles.jdo
16:59:21,622 (main) DEBUG [DataNucleus.MetaData] - No encontramos el MetaData del tipo "jdo" por la clase "videoclub.paneles.PanelAdministrador$7" en /videoclub/paneles/PanelAdministrador$7.jdo
16:59:21,622 (main) DEBUG [DataNucleus.MetaData] - No hemos encontrado el MetaData del tipo "jdo" por la clase "videoclub.paneles.PanelAdministrador$7"
16:59:21,622 (main) DEBUG [DataNucleus.MetaData] - Registrando la clase "videoclub.paneles.PanelAdministrador$7" no tener Meta-Data
16:59:21,622 (main) DEBUG [DataNucleus.MetaData] - La clase "videoclub.paneles.PanelAdministrador$7" no tiene MetaData o annotaciones.
16:59:21,622 (main) DEBUG [DataNucleus.MetaData] - No encontramos el MetaData del tipo "jdo" por la clase "videoclub.paneles.PanelAdministrador" en /META-INF/package.jdo
16:59:21,622 (main) DEBUG [DataNucleus.MetaData] - No encontramos el MetaData del tipo "jdo" por la clase "videoclub.paneles.PanelAdministrador" en /WEB-INF/package.jdo
16:59:21,622 (main) DEBUG [DataNucleus.MetaData] - No encontramos el MetaData del tipo "jdo" por la clase "videoclub.paneles.PanelAdministrador" en /package.jdo
16:59:21,622 (main) DEBUG [DataNucleus.MetaData] - No encontramos el MetaData del tipo "jdo" por la clase "videoclub.paneles.PanelAdministrador" en /videoclub/package.jdo
16:59:21,622 (main) DEBUG [DataNucleus.MetaData] - No encontramos el MetaData del tipo "jdo" por la clase "videoclub.paneles.PanelAdministrador" en /videoclub.jdo
16:59:21,622 (main) DEBUG [DataNucleus.MetaData] - No encontramos el MetaData del tipo "jdo" por la clase "videoclub.paneles.PanelAdministrador" en /videoclub/paneles/package.jdo
16:59:21,622 (main) DEBUG [DataNucleus.MetaData] - No encontramos el MetaData del tipo "jdo" por la clase "videoclub.paneles.PanelAdministrador" en /videoclub/paneles.jdo
16:59:21,622 (main) DEBUG [DataNucleus.MetaData] - No encontramos el MetaData del tipo "jdo" por la clase "videoclub.paneles.PanelAdministrador" en /videoclub/paneles/PanelAdministrador.jdo
16:59:21,622 (main) DEBUG [DataNucleus.MetaData] - No hemos encontrado el MetaData del tipo "jdo" por la clase "videoclub.paneles.PanelAdministrador"
16:59:21,622 (main) DEBUG [DataNucleus.MetaData] - Registrando la clase "videoclub.paneles.PanelAdministrador" no tener Meta-Data
16:59:21,622 (main) DEBUG [DataNucleus.MetaData] - La clase "videoclub.paneles.PanelAdministrador" no tiene MetaData o annotaciones.
16:59:21,622 (main) DEBUG [DataNucleus.MetaData] - No encontramos el MetaData del tipo "jdo" por la clase "videoclub.paneles.PanelIniciarSesion$1" en /META-INF/package.jdo
16:59:21,622 (main) DEBUG [DataNucleus.MetaData] - No encontramos el MetaData del tipo "jdo" por la clase "videoclub.paneles.PanelIniciarSesion$1" en /WEB-INF/package.jdo
16:59:21,622 (main) DEBUG [DataNucleus.MetaData] - No encontramos el MetaData del tipo "jdo" por la clase "videoclub.paneles.PanelIniciarSesion$1" en /package.jdo
16:59:21,622 (main) DEBUG [DataNucleus.MetaData] - No encontramos el MetaData del tipo "jdo" por la clase "videoclub.paneles.PanelIniciarSesion$1" en /videoclub/package.jdo
16:59:21,622 (main) DEBUG [DataNucleus.MetaData] - No encontramos el MetaData del tipo "jdo" por la clase "videoclub.paneles.PanelIniciarSesion$1" en /videoclub.jdo
16:59:21,622 (main) DEBUG [DataNucleus.MetaData] - No encontramos el MetaData del tipo "jdo" por la clase "videoclub.paneles.PanelIniciarSesion$1" en /videoclub/paneles/package.jdo
16:59:21,622 (main) DEBUG [DataNucleus.MetaData] - No encontramos el MetaData del tipo "jdo" por la clase "videoclub.paneles.PanelIniciarSesion$1" en /videoclub/paneles.jdo
16:59:21,622 (main) DEBUG [DataNucleus.MetaData] - No encontramos el MetaData del tipo "jdo" por la clase "videoclub.paneles.PanelIniciarSesion$1" en /videoclub/paneles/PanelIniciarSesion$1.jdo
16:59:21,622 (main) DEBUG [DataNucleus.MetaData] - No hemos encontrado el MetaData del tipo "jdo" por la clase "videoclub.paneles.PanelIniciarSesion$1"
16:59:21,622 (main) DEBUG [DataNucleus.MetaData] - Registrando la clase "videoclub.paneles.PanelIniciarSesion$1" no tener Meta-Data
16:59:21,622 (main) DEBUG [DataNucleus.MetaData] - La clase "videoclub.paneles.PanelIniciarSesion$1" no tiene MetaData o annotaciones.
16:59:21,622 (main) DEBUG [DataNucleus.MetaData] - No encontramos el MetaData del tipo "jdo" por la clase "videoclub.paneles.PanelIniciarSesion$2" en /META-INF/package.jdo
16:59:21,622 (main) DEBUG [DataNucleus.MetaData] - No encontramos el MetaData del tipo "jdo" por la clase "videoclub.paneles.PanelIniciarSesion$2" en /WEB-INF/package.jdo
16:59:21,622 (main) DEBUG [DataNucleus.MetaData] - No encontramos el MetaData del tipo "jdo" por la clase "videoclub.paneles.PanelIniciarSesion$2" en /package.jdo
16:59:21,622 (main) DEBUG [DataNucleus.MetaData] - No encontramos el MetaData del tipo "jdo" por la clase "videoclub.paneles.PanelIniciarSesion$2" en /videoclub/package.jdo
16:59:21,622 (main) DEBUG [DataNucleus.MetaData] - No encontramos el MetaData del tipo "jdo" por la clase "videoclub.paneles.PanelIniciarSesion$2" en /videoclub.jdo
16:59:21,622 (main) DEBUG [DataNucleus.MetaData] - No encontramos el MetaData del tipo "jdo" por la clase "videoclub.paneles.PanelIniciarSesion$2" en /videoclub/paneles/package.jdo
16:59:21,622 (main) DEBUG [DataNucleus.MetaData] - No encontramos el MetaData del tipo "jdo" por la clase "videoclub.paneles.PanelIniciarSesion$2" en /videoclub/paneles.jdo
16:59:21,622 (main) DEBUG [DataNucleus.MetaData] - No encontramos el MetaData del tipo "jdo" por la clase "videoclub.paneles.PanelIniciarSesion$2" en /videoclub/paneles/PanelIniciarSesion$2.jdo
16:59:21,638 (main) DEBUG [DataNucleus.MetaData] - No hemos encontrado el MetaData del tipo "jdo" por la clase "videoclub.paneles.PanelIniciarSesion$2"
16:59:21,638 (main) DEBUG [DataNucleus.MetaData] - Registrando la clase "videoclub.paneles.PanelIniciarSesion$2" no tener Meta-Data
16:59:21,638 (main) DEBUG [DataNucleus.MetaData] - La clase "videoclub.paneles.PanelIniciarSesion$2" no tiene MetaData o annotaciones.
16:59:21,638 (main) DEBUG [DataNucleus.MetaData] - No encontramos el MetaData del tipo "jdo" por la clase "videoclub.paneles.PanelIniciarSesion" en /META-INF/package.jdo
16:59:21,638 (main) DEBUG [DataNucleus.MetaData] - No encontramos el MetaData del tipo "jdo" por la clase "videoclub.paneles.PanelIniciarSesion" en /WEB-INF/package.jdo
16:59:21,638 (main) DEBUG [DataNucleus.MetaData] - No encontramos el MetaData del tipo "jdo" por la clase "videoclub.paneles.PanelIniciarSesion" en /package.jdo
16:59:21,638 (main) DEBUG [DataNucleus.MetaData] - No encontramos el MetaData del tipo "jdo" por la clase "videoclub.paneles.PanelIniciarSesion" en /videoclub/package.jdo
16:59:21,638 (main) DEBUG [DataNucleus.MetaData] - No encontramos el MetaData del tipo "jdo" por la clase "videoclub.paneles.PanelIniciarSesion" en /videoclub.jdo
16:59:21,638 (main) DEBUG [DataNucleus.MetaData] - No encontramos el MetaData del tipo "jdo" por la clase "videoclub.paneles.PanelIniciarSesion" en /videoclub/paneles/package.jdo
16:59:21,638 (main) DEBUG [DataNucleus.MetaData] - No encontramos el MetaData del tipo "jdo" por la clase "videoclub.paneles.PanelIniciarSesion" en /videoclub/paneles.jdo
16:59:21,638 (main) DEBUG [DataNucleus.MetaData] - No encontramos el MetaData del tipo "jdo" por la clase "videoclub.paneles.PanelIniciarSesion" en /videoclub/paneles/PanelIniciarSesion.jdo
16:59:21,638 (main) DEBUG [DataNucleus.MetaData] - No hemos encontrado el MetaData del tipo "jdo" por la clase "videoclub.paneles.PanelIniciarSesion"
16:59:21,638 (main) DEBUG [DataNucleus.MetaData] - Registrando la clase "videoclub.paneles.PanelIniciarSesion" no tener Meta-Data
16:59:21,638 (main) DEBUG [DataNucleus.MetaData] - La clase "videoclub.paneles.PanelIniciarSesion" no tiene MetaData o annotaciones.
16:59:21,638 (main) DEBUG [DataNucleus.MetaData] - No encontramos el MetaData del tipo "jdo" por la clase "videoclub.paneles.PanelRegistro$1" en /META-INF/package.jdo
16:59:21,638 (main) DEBUG [DataNucleus.MetaData] - No encontramos el MetaData del tipo "jdo" por la clase "videoclub.paneles.PanelRegistro$1" en /WEB-INF/package.jdo
16:59:21,638 (main) DEBUG [DataNucleus.MetaData] - No encontramos el MetaData del tipo "jdo" por la clase "videoclub.paneles.PanelRegistro$1" en /package.jdo
16:59:21,638 (main) DEBUG [DataNucleus.MetaData] - No encontramos el MetaData del tipo "jdo" por la clase "videoclub.paneles.PanelRegistro$1" en /videoclub/package.jdo
16:59:21,638 (main) DEBUG [DataNucleus.MetaData] - No encontramos el MetaData del tipo "jdo" por la clase "videoclub.paneles.PanelRegistro$1" en /videoclub.jdo
16:59:21,638 (main) DEBUG [DataNucleus.MetaData] - No encontramos el MetaData del tipo "jdo" por la clase "videoclub.paneles.PanelRegistro$1" en /videoclub/paneles/package.jdo
16:59:21,638 (main) DEBUG [DataNucleus.MetaData] - No encontramos el MetaData del tipo "jdo" por la clase "videoclub.paneles.PanelRegistro$1" en /videoclub/paneles.jdo
16:59:21,638 (main) DEBUG [DataNucleus.MetaData] - No encontramos el MetaData del tipo "jdo" por la clase "videoclub.paneles.PanelRegistro$1" en /videoclub/paneles/PanelRegistro$1.jdo
16:59:21,638 (main) DEBUG [DataNucleus.MetaData] - No hemos encontrado el MetaData del tipo "jdo" por la clase "videoclub.paneles.PanelRegistro$1"
16:59:21,638 (main) DEBUG [DataNucleus.MetaData] - Registrando la clase "videoclub.paneles.PanelRegistro$1" no tener Meta-Data
16:59:21,638 (main) DEBUG [DataNucleus.MetaData] - La clase "videoclub.paneles.PanelRegistro$1" no tiene MetaData o annotaciones.
16:59:21,638 (main) DEBUG [DataNucleus.MetaData] - No encontramos el MetaData del tipo "jdo" por la clase "videoclub.paneles.PanelRegistro" en /META-INF/package.jdo
16:59:21,638 (main) DEBUG [DataNucleus.MetaData] - No encontramos el MetaData del tipo "jdo" por la clase "videoclub.paneles.PanelRegistro" en /WEB-INF/package.jdo
16:59:21,638 (main) DEBUG [DataNucleus.MetaData] - No encontramos el MetaData del tipo "jdo" por la clase "videoclub.paneles.PanelRegistro" en /package.jdo
16:59:21,638 (main) DEBUG [DataNucleus.MetaData] - No encontramos el MetaData del tipo "jdo" por la clase "videoclub.paneles.PanelRegistro" en /videoclub/package.jdo
16:59:21,638 (main) DEBUG [DataNucleus.MetaData] - No encontramos el MetaData del tipo "jdo" por la clase "videoclub.paneles.PanelRegistro" en /videoclub.jdo
16:59:21,638 (main) DEBUG [DataNucleus.MetaData] - No encontramos el MetaData del tipo "jdo" por la clase "videoclub.paneles.PanelRegistro" en /videoclub/paneles/package.jdo
16:59:21,638 (main) DEBUG [DataNucleus.MetaData] - No encontramos el MetaData del tipo "jdo" por la clase "videoclub.paneles.PanelRegistro" en /videoclub/paneles.jdo
16:59:21,638 (main) DEBUG [DataNucleus.MetaData] - No encontramos el MetaData del tipo "jdo" por la clase "videoclub.paneles.PanelRegistro" en /videoclub/paneles/PanelRegistro.jdo
16:59:21,638 (main) DEBUG [DataNucleus.MetaData] - No hemos encontrado el MetaData del tipo "jdo" por la clase "videoclub.paneles.PanelRegistro"
16:59:21,638 (main) DEBUG [DataNucleus.MetaData] - Registrando la clase "videoclub.paneles.PanelRegistro" no tener Meta-Data
16:59:21,638 (main) DEBUG [DataNucleus.MetaData] - La clase "videoclub.paneles.PanelRegistro" no tiene MetaData o annotaciones.
16:59:21,638 (main) DEBUG [DataNucleus.MetaData] - No encontramos el MetaData del tipo "jdo" por la clase "videoclub.paneles.PanelUsuario$1" en /META-INF/package.jdo
16:59:21,638 (main) DEBUG [DataNucleus.MetaData] - No encontramos el MetaData del tipo "jdo" por la clase "videoclub.paneles.PanelUsuario$1" en /WEB-INF/package.jdo
16:59:21,638 (main) DEBUG [DataNucleus.MetaData] - No encontramos el MetaData del tipo "jdo" por la clase "videoclub.paneles.PanelUsuario$1" en /package.jdo
16:59:21,638 (main) DEBUG [DataNucleus.MetaData] - No encontramos el MetaData del tipo "jdo" por la clase "videoclub.paneles.PanelUsuario$1" en /videoclub/package.jdo
16:59:21,638 (main) DEBUG [DataNucleus.MetaData] - No encontramos el MetaData del tipo "jdo" por la clase "videoclub.paneles.PanelUsuario$1" en /videoclub.jdo
16:59:21,638 (main) DEBUG [DataNucleus.MetaData] - No encontramos el MetaData del tipo "jdo" por la clase "videoclub.paneles.PanelUsuario$1" en /videoclub/paneles/package.jdo
16:59:21,638 (main) DEBUG [DataNucleus.MetaData] - No encontramos el MetaData del tipo "jdo" por la clase "videoclub.paneles.PanelUsuario$1" en /videoclub/paneles.jdo
16:59:21,638 (main) DEBUG [DataNucleus.MetaData] - No encontramos el MetaData del tipo "jdo" por la clase "videoclub.paneles.PanelUsuario$1" en /videoclub/paneles/PanelUsuario$1.jdo
16:59:21,638 (main) DEBUG [DataNucleus.MetaData] - No hemos encontrado el MetaData del tipo "jdo" por la clase "videoclub.paneles.PanelUsuario$1"
16:59:21,638 (main) DEBUG [DataNucleus.MetaData] - Registrando la clase "videoclub.paneles.PanelUsuario$1" no tener Meta-Data
16:59:21,638 (main) DEBUG [DataNucleus.MetaData] - La clase "videoclub.paneles.PanelUsuario$1" no tiene MetaData o annotaciones.
16:59:21,638 (main) DEBUG [DataNucleus.MetaData] - No encontramos el MetaData del tipo "jdo" por la clase "videoclub.paneles.PanelUsuario$2" en /META-INF/package.jdo
16:59:21,638 (main) DEBUG [DataNucleus.MetaData] - No encontramos el MetaData del tipo "jdo" por la clase "videoclub.paneles.PanelUsuario$2" en /WEB-INF/package.jdo
16:59:21,638 (main) DEBUG [DataNucleus.MetaData] - No encontramos el MetaData del tipo "jdo" por la clase "videoclub.paneles.PanelUsuario$2" en /package.jdo
16:59:21,638 (main) DEBUG [DataNucleus.MetaData] - No encontramos el MetaData del tipo "jdo" por la clase "videoclub.paneles.PanelUsuario$2" en /videoclub/package.jdo
16:59:21,638 (main) DEBUG [DataNucleus.MetaData] - No encontramos el MetaData del tipo "jdo" por la clase "videoclub.paneles.PanelUsuario$2" en /videoclub.jdo
16:59:21,638 (main) DEBUG [DataNucleus.MetaData] - No encontramos el MetaData del tipo "jdo" por la clase "videoclub.paneles.PanelUsuario$2" en /videoclub/paneles/package.jdo
16:59:21,638 (main) DEBUG [DataNucleus.MetaData] - No encontramos el MetaData del tipo "jdo" por la clase "videoclub.paneles.PanelUsuario$2" en /videoclub/paneles.jdo
16:59:21,638 (main) DEBUG [DataNucleus.MetaData] - No encontramos el MetaData del tipo "jdo" por la clase "videoclub.paneles.PanelUsuario$2" en /videoclub/paneles/PanelUsuario$2.jdo
16:59:21,638 (main) DEBUG [DataNucleus.MetaData] - No hemos encontrado el MetaData del tipo "jdo" por la clase "videoclub.paneles.PanelUsuario$2"
16:59:21,638 (main) DEBUG [DataNucleus.MetaData] - Registrando la clase "videoclub.paneles.PanelUsuario$2" no tener Meta-Data
16:59:21,638 (main) DEBUG [DataNucleus.MetaData] - La clase "videoclub.paneles.PanelUsuario$2" no tiene MetaData o annotaciones.
16:59:21,638 (main) DEBUG [DataNucleus.MetaData] - No encontramos el MetaData del tipo "jdo" por la clase "videoclub.paneles.PanelUsuario$3" en /META-INF/package.jdo
16:59:21,638 (main) DEBUG [DataNucleus.MetaData] - No encontramos el MetaData del tipo "jdo" por la clase "videoclub.paneles.PanelUsuario$3" en /WEB-INF/package.jdo
16:59:21,638 (main) DEBUG [DataNucleus.MetaData] - No encontramos el MetaData del tipo "jdo" por la clase "videoclub.paneles.PanelUsuario$3" en /package.jdo
16:59:21,638 (main) DEBUG [DataNucleus.MetaData] - No encontramos el MetaData del tipo "jdo" por la clase "videoclub.paneles.PanelUsuario$3" en /videoclub/package.jdo
16:59:21,638 (main) DEBUG [DataNucleus.MetaData] - No encontramos el MetaData del tipo "jdo" por la clase "videoclub.paneles.PanelUsuario$3" en /videoclub.jdo
16:59:21,638 (main) DEBUG [DataNucleus.MetaData] - No encontramos el MetaData del tipo "jdo" por la clase "videoclub.paneles.PanelUsuario$3" en /videoclub/paneles/package.jdo
16:59:21,638 (main) DEBUG [DataNucleus.MetaData] - No encontramos el MetaData del tipo "jdo" por la clase "videoclub.paneles.PanelUsuario$3" en /videoclub/paneles.jdo
16:59:21,638 (main) DEBUG [DataNucleus.MetaData] - No encontramos el MetaData del tipo "jdo" por la clase "videoclub.paneles.PanelUsuario$3" en /videoclub/paneles/PanelUsuario$3.jdo
16:59:21,638 (main) DEBUG [DataNucleus.MetaData] - No hemos encontrado el MetaData del tipo "jdo" por la clase "videoclub.paneles.PanelUsuario$3"
16:59:21,638 (main) DEBUG [DataNucleus.MetaData] - Registrando la clase "videoclub.paneles.PanelUsuario$3" no tener Meta-Data
16:59:21,638 (main) DEBUG [DataNucleus.MetaData] - La clase "videoclub.paneles.PanelUsuario$3" no tiene MetaData o annotaciones.
16:59:21,638 (main) DEBUG [DataNucleus.MetaData] - No encontramos el MetaData del tipo "jdo" por la clase "videoclub.paneles.PanelUsuario$4" en /META-INF/package.jdo
16:59:21,638 (main) DEBUG [DataNucleus.MetaData] - No encontramos el MetaData del tipo "jdo" por la clase "videoclub.paneles.PanelUsuario$4" en /WEB-INF/package.jdo
16:59:21,638 (main) DEBUG [DataNucleus.MetaData] - No encontramos el MetaData del tipo "jdo" por la clase "videoclub.paneles.PanelUsuario$4" en /package.jdo
16:59:21,638 (main) DEBUG [DataNucleus.MetaData] - No encontramos el MetaData del tipo "jdo" por la clase "videoclub.paneles.PanelUsuario$4" en /videoclub/package.jdo
16:59:21,638 (main) DEBUG [DataNucleus.MetaData] - No encontramos el MetaData del tipo "jdo" por la clase "videoclub.paneles.PanelUsuario$4" en /videoclub.jdo
16:59:21,638 (main) DEBUG [DataNucleus.MetaData] - No encontramos el MetaData del tipo "jdo" por la clase "videoclub.paneles.PanelUsuario$4" en /videoclub/paneles/package.jdo
16:59:21,638 (main) DEBUG [DataNucleus.MetaData] - No encontramos el MetaData del tipo "jdo" por la clase "videoclub.paneles.PanelUsuario$4" en /videoclub/paneles.jdo
16:59:21,638 (main) DEBUG [DataNucleus.MetaData] - No encontramos el MetaData del tipo "jdo" por la clase "videoclub.paneles.PanelUsuario$4" en /videoclub/paneles/PanelUsuario$4.jdo
16:59:21,638 (main) DEBUG [DataNucleus.MetaData] - No hemos encontrado el MetaData del tipo "jdo" por la clase "videoclub.paneles.PanelUsuario$4"
16:59:21,638 (main) DEBUG [DataNucleus.MetaData] - Registrando la clase "videoclub.paneles.PanelUsuario$4" no tener Meta-Data
16:59:21,638 (main) DEBUG [DataNucleus.MetaData] - La clase "videoclub.paneles.PanelUsuario$4" no tiene MetaData o annotaciones.
16:59:21,653 (main) DEBUG [DataNucleus.MetaData] - No encontramos el MetaData del tipo "jdo" por la clase "videoclub.paneles.PanelUsuario$BotonPelicula" en /META-INF/package.jdo
16:59:21,653 (main) DEBUG [DataNucleus.MetaData] - No encontramos el MetaData del tipo "jdo" por la clase "videoclub.paneles.PanelUsuario$BotonPelicula" en /WEB-INF/package.jdo
16:59:21,653 (main) DEBUG [DataNucleus.MetaData] - No encontramos el MetaData del tipo "jdo" por la clase "videoclub.paneles.PanelUsuario$BotonPelicula" en /package.jdo
16:59:21,653 (main) DEBUG [DataNucleus.MetaData] - No encontramos el MetaData del tipo "jdo" por la clase "videoclub.paneles.PanelUsuario$BotonPelicula" en /videoclub/package.jdo
16:59:21,653 (main) DEBUG [DataNucleus.MetaData] - No encontramos el MetaData del tipo "jdo" por la clase "videoclub.paneles.PanelUsuario$BotonPelicula" en /videoclub.jdo
16:59:21,653 (main) DEBUG [DataNucleus.MetaData] - No encontramos el MetaData del tipo "jdo" por la clase "videoclub.paneles.PanelUsuario$BotonPelicula" en /videoclub/paneles/package.jdo
16:59:21,653 (main) DEBUG [DataNucleus.MetaData] - No encontramos el MetaData del tipo "jdo" por la clase "videoclub.paneles.PanelUsuario$BotonPelicula" en /videoclub/paneles.jdo
16:59:21,653 (main) DEBUG [DataNucleus.MetaData] - No encontramos el MetaData del tipo "jdo" por la clase "videoclub.paneles.PanelUsuario$BotonPelicula" en /videoclub/paneles/PanelUsuario$BotonPelicula.jdo
16:59:21,653 (main) DEBUG [DataNucleus.MetaData] - No hemos encontrado el MetaData del tipo "jdo" por la clase "videoclub.paneles.PanelUsuario$BotonPelicula"
16:59:21,653 (main) DEBUG [DataNucleus.MetaData] - Registrando la clase "videoclub.paneles.PanelUsuario$BotonPelicula" no tener Meta-Data
16:59:21,653 (main) DEBUG [DataNucleus.MetaData] - La clase "videoclub.paneles.PanelUsuario$BotonPelicula" no tiene MetaData o annotaciones.
16:59:21,653 (main) DEBUG [DataNucleus.MetaData] - No encontramos el MetaData del tipo "jdo" por la clase "videoclub.paneles.PanelUsuario" en /META-INF/package.jdo
16:59:21,653 (main) DEBUG [DataNucleus.MetaData] - No encontramos el MetaData del tipo "jdo" por la clase "videoclub.paneles.PanelUsuario" en /WEB-INF/package.jdo
16:59:21,653 (main) DEBUG [DataNucleus.MetaData] - No encontramos el MetaData del tipo "jdo" por la clase "videoclub.paneles.PanelUsuario" en /package.jdo
16:59:21,653 (main) DEBUG [DataNucleus.MetaData] - No encontramos el MetaData del tipo "jdo" por la clase "videoclub.paneles.PanelUsuario" en /videoclub/package.jdo
16:59:21,653 (main) DEBUG [DataNucleus.MetaData] - No encontramos el MetaData del tipo "jdo" por la clase "videoclub.paneles.PanelUsuario" en /videoclub.jdo
16:59:21,653 (main) DEBUG [DataNucleus.MetaData] - No encontramos el MetaData del tipo "jdo" por la clase "videoclub.paneles.PanelUsuario" en /videoclub/paneles/package.jdo
16:59:21,653 (main) DEBUG [DataNucleus.MetaData] - No encontramos el MetaData del tipo "jdo" por la clase "videoclub.paneles.PanelUsuario" en /videoclub/paneles.jdo
16:59:21,653 (main) DEBUG [DataNucleus.MetaData] - No encontramos el MetaData del tipo "jdo" por la clase "videoclub.paneles.PanelUsuario" en /videoclub/paneles/PanelUsuario.jdo
16:59:21,653 (main) DEBUG [DataNucleus.MetaData] - No hemos encontrado el MetaData del tipo "jdo" por la clase "videoclub.paneles.PanelUsuario"
16:59:21,653 (main) DEBUG [DataNucleus.MetaData] - Registrando la clase "videoclub.paneles.PanelUsuario" no tener Meta-Data
16:59:21,653 (main) DEBUG [DataNucleus.MetaData] - La clase "videoclub.paneles.PanelUsuario" no tiene MetaData o annotaciones.
16:59:21,653 (main) DEBUG [DataNucleus.MetaData] - No encontramos el MetaData del tipo "jdo" por la clase "videoclub.ventanas.VentanaPrincipal$1" en /META-INF/package.jdo
16:59:21,653 (main) DEBUG [DataNucleus.MetaData] - No encontramos el MetaData del tipo "jdo" por la clase "videoclub.ventanas.VentanaPrincipal$1" en /WEB-INF/package.jdo
16:59:21,653 (main) DEBUG [DataNucleus.MetaData] - No encontramos el MetaData del tipo "jdo" por la clase "videoclub.ventanas.VentanaPrincipal$1" en /package.jdo
16:59:21,653 (main) DEBUG [DataNucleus.MetaData] - No encontramos el MetaData del tipo "jdo" por la clase "videoclub.ventanas.VentanaPrincipal$1" en /videoclub/package.jdo
16:59:21,653 (main) DEBUG [DataNucleus.MetaData] - No encontramos el MetaData del tipo "jdo" por la clase "videoclub.ventanas.VentanaPrincipal$1" en /videoclub.jdo
16:59:21,653 (main) DEBUG [DataNucleus.MetaData] - No encontramos el MetaData del tipo "jdo" por la clase "videoclub.ventanas.VentanaPrincipal$1" en /videoclub/ventanas/package.jdo
16:59:21,653 (main) DEBUG [DataNucleus.MetaData] - No encontramos el MetaData del tipo "jdo" por la clase "videoclub.ventanas.VentanaPrincipal$1" en /videoclub/ventanas.jdo
16:59:21,653 (main) DEBUG [DataNucleus.MetaData] - No encontramos el MetaData del tipo "jdo" por la clase "videoclub.ventanas.VentanaPrincipal$1" en /videoclub/ventanas/VentanaPrincipal$1.jdo
16:59:21,653 (main) DEBUG [DataNucleus.MetaData] - No hemos encontrado el MetaData del tipo "jdo" por la clase "videoclub.ventanas.VentanaPrincipal$1"
16:59:21,653 (main) DEBUG [DataNucleus.MetaData] - Registrando la clase "videoclub.ventanas.VentanaPrincipal$1" no tener Meta-Data
16:59:21,653 (main) DEBUG [DataNucleus.MetaData] - La clase "videoclub.ventanas.VentanaPrincipal$1" no tiene MetaData o annotaciones.
16:59:21,653 (main) DEBUG [DataNucleus.MetaData] - No encontramos el MetaData del tipo "jdo" por la clase "videoclub.ventanas.VentanaPrincipal$2" en /META-INF/package.jdo
16:59:21,653 (main) DEBUG [DataNucleus.MetaData] - No encontramos el MetaData del tipo "jdo" por la clase "videoclub.ventanas.VentanaPrincipal$2" en /WEB-INF/package.jdo
16:59:21,653 (main) DEBUG [DataNucleus.MetaData] - No encontramos el MetaData del tipo "jdo" por la clase "videoclub.ventanas.VentanaPrincipal$2" en /package.jdo
16:59:21,653 (main) DEBUG [DataNucleus.MetaData] - No encontramos el MetaData del tipo "jdo" por la clase "videoclub.ventanas.VentanaPrincipal$2" en /videoclub/package.jdo
16:59:21,653 (main) DEBUG [DataNucleus.MetaData] - No encontramos el MetaData del tipo "jdo" por la clase "videoclub.ventanas.VentanaPrincipal$2" en /videoclub.jdo
16:59:21,653 (main) DEBUG [DataNucleus.MetaData] - No encontramos el MetaData del tipo "jdo" por la clase "videoclub.ventanas.VentanaPrincipal$2" en /videoclub/ventanas/package.jdo
16:59:21,653 (main) DEBUG [DataNucleus.MetaData] - No encontramos el MetaData del tipo "jdo" por la clase "videoclub.ventanas.VentanaPrincipal$2" en /videoclub/ventanas.jdo
16:59:21,653 (main) DEBUG [DataNucleus.MetaData] - No encontramos el MetaData del tipo "jdo" por la clase "videoclub.ventanas.VentanaPrincipal$2" en /videoclub/ventanas/VentanaPrincipal$2.jdo
16:59:21,653 (main) DEBUG [DataNucleus.MetaData] - No hemos encontrado el MetaData del tipo "jdo" por la clase "videoclub.ventanas.VentanaPrincipal$2"
16:59:21,653 (main) DEBUG [DataNucleus.MetaData] - Registrando la clase "videoclub.ventanas.VentanaPrincipal$2" no tener Meta-Data
16:59:21,653 (main) DEBUG [DataNucleus.MetaData] - La clase "videoclub.ventanas.VentanaPrincipal$2" no tiene MetaData o annotaciones.
16:59:21,653 (main) DEBUG [DataNucleus.MetaData] - No encontramos el MetaData del tipo "jdo" por la clase "videoclub.ventanas.VentanaPrincipal$3" en /META-INF/package.jdo
16:59:21,653 (main) DEBUG [DataNucleus.MetaData] - No encontramos el MetaData del tipo "jdo" por la clase "videoclub.ventanas.VentanaPrincipal$3" en /WEB-INF/package.jdo
16:59:21,653 (main) DEBUG [DataNucleus.MetaData] - No encontramos el MetaData del tipo "jdo" por la clase "videoclub.ventanas.VentanaPrincipal$3" en /package.jdo
16:59:21,653 (main) DEBUG [DataNucleus.MetaData] - No encontramos el MetaData del tipo "jdo" por la clase "videoclub.ventanas.VentanaPrincipal$3" en /videoclub/package.jdo
16:59:21,653 (main) DEBUG [DataNucleus.MetaData] - No encontramos el MetaData del tipo "jdo" por la clase "videoclub.ventanas.VentanaPrincipal$3" en /videoclub.jdo
16:59:21,653 (main) DEBUG [DataNucleus.MetaData] - No encontramos el MetaData del tipo "jdo" por la clase "videoclub.ventanas.VentanaPrincipal$3" en /videoclub/ventanas/package.jdo
16:59:21,653 (main) DEBUG [DataNucleus.MetaData] - No encontramos el MetaData del tipo "jdo" por la clase "videoclub.ventanas.VentanaPrincipal$3" en /videoclub/ventanas.jdo
16:59:21,653 (main) DEBUG [DataNucleus.MetaData] - No encontramos el MetaData del tipo "jdo" por la clase "videoclub.ventanas.VentanaPrincipal$3" en /videoclub/ventanas/VentanaPrincipal$3.jdo
16:59:21,653 (main) DEBUG [DataNucleus.MetaData] - No hemos encontrado el MetaData del tipo "jdo" por la clase "videoclub.ventanas.VentanaPrincipal$3"
16:59:21,653 (main) DEBUG [DataNucleus.MetaData] - Registrando la clase "videoclub.ventanas.VentanaPrincipal$3" no tener Meta-Data
16:59:21,653 (main) DEBUG [DataNucleus.MetaData] - La clase "videoclub.ventanas.VentanaPrincipal$3" no tiene MetaData o annotaciones.
16:59:21,653 (main) DEBUG [DataNucleus.MetaData] - No encontramos el MetaData del tipo "jdo" por la clase "videoclub.ventanas.VentanaPrincipal" en /META-INF/package.jdo
16:59:21,653 (main) DEBUG [DataNucleus.MetaData] - No encontramos el MetaData del tipo "jdo" por la clase "videoclub.ventanas.VentanaPrincipal" en /WEB-INF/package.jdo
16:59:21,653 (main) DEBUG [DataNucleus.MetaData] - No encontramos el MetaData del tipo "jdo" por la clase "videoclub.ventanas.VentanaPrincipal" en /package.jdo
16:59:21,653 (main) DEBUG [DataNucleus.MetaData] - No encontramos el MetaData del tipo "jdo" por la clase "videoclub.ventanas.VentanaPrincipal" en /videoclub/package.jdo
16:59:21,653 (main) DEBUG [DataNucleus.MetaData] - No encontramos el MetaData del tipo "jdo" por la clase "videoclub.ventanas.VentanaPrincipal" en /videoclub.jdo
16:59:21,653 (main) DEBUG [DataNucleus.MetaData] - No encontramos el MetaData del tipo "jdo" por la clase "videoclub.ventanas.VentanaPrincipal" en /videoclub/ventanas/package.jdo
16:59:21,653 (main) DEBUG [DataNucleus.MetaData] - No encontramos el MetaData del tipo "jdo" por la clase "videoclub.ventanas.VentanaPrincipal" en /videoclub/ventanas.jdo
16:59:21,653 (main) DEBUG [DataNucleus.MetaData] - No encontramos el MetaData del tipo "jdo" por la clase "videoclub.ventanas.VentanaPrincipal" en /videoclub/ventanas/VentanaPrincipal.jdo
16:59:21,653 (main) DEBUG [DataNucleus.MetaData] - No hemos encontrado el MetaData del tipo "jdo" por la clase "videoclub.ventanas.VentanaPrincipal"
16:59:21,653 (main) DEBUG [DataNucleus.MetaData] - Registrando la clase "videoclub.ventanas.VentanaPrincipal" no tener Meta-Data
16:59:21,653 (main) DEBUG [DataNucleus.MetaData] - La clase "videoclub.ventanas.VentanaPrincipal" no tiene MetaData o annotaciones.
16:59:21,653 (main) DEBUG [DataNucleus.MetaData] - MetaData Management : Carga de Metadata ya ha terminado
16:59:21,653 (main) INFO  [DataNucleus.Enhancer] - DataNucleus Enhancer ha terminado con exito para 0 clases. Tiempos : input=93 ms, enhance=0 ms, total=93 ms. Compruebe el LOG para los detalles
16:59:21,653 (main) INFO  [DataNucleus.Enhancer] - DataNucleus Enhancer ha terminado sin enhance ninguna clase. Compruebe el LOG para los detalles.
